<?xml version="1.0" encoding="UTF-8"?>
<!-- Generated by org.testng.reporters.JUnitReportReporter -->
<testsuite hostname="DESKTOP-ADJ6DHO" name="contact_us.Payment_proc" tests="1" failures="0" timestamp="1 Apr 2020 11:22:55 GMT" time="20.642" errors="0">
  <testcase name="f" time="20.642" classname="contact_us.Payment_proc"/>
</testsuite> <!-- contact_us.Payment_proc -->
