<?xml version="1.0" encoding="UTF-8"?>
<!-- Generated by org.testng.reporters.JUnitReportReporter -->
<testsuite hostname="DESKTOP-ADJ6DHO" name="contact_us.Console_Errors_P2" tests="1" failures="0" timestamp="25 Mar 2020 12:22:33 GMT" time="972.013" errors="0">
  <testcase name="f" time="972.013" classname="contact_us.Console_Errors_P2"/>
</testsuite> <!-- contact_us.Console_Errors_P2 -->
