<?xml version="1.0" encoding="UTF-8"?>
<!-- Generated by org.testng.reporters.JUnitReportReporter -->
<testsuite hostname="DESKTOP-ADJ6DHO" name="contact_us.links_verification" tests="1" failures="0" timestamp="13 Mar 2020 12:19:35 GMT" time="216.349" errors="0">
  <testcase name="f" time="216.349" classname="contact_us.links_verification"/>
</testsuite> <!-- contact_us.links_verification -->
