<?xml version="1.0" encoding="UTF-8"?>
<!-- Generated by org.testng.reporters.JUnitReportReporter -->
<testsuite hostname="DESKTOP-ADJ6DHO" name="contact_us.NewTest" tests="1" failures="0" timestamp="10 Mar 2020 07:51:22 GMT" time="34.940" errors="0">
  <testcase name="f" time="34.940" classname="contact_us.NewTest"/>
</testsuite> <!-- contact_us.NewTest -->
