<?xml version="1.0" encoding="UTF-8"?>
<!-- Generated by org.testng.reporters.JUnitReportReporter -->
<testsuite hostname="DESKTOP-ADJ6DHO" name="contact_us.Payment_proc" tests="1" failures="0" timestamp="27 Mar 2020 09:24:10 GMT" time="52.145" errors="0">
  <testcase name="f" time="52.145" classname="contact_us.Payment_proc"/>
</testsuite> <!-- contact_us.Payment_proc -->
