<?xml version="1.0" encoding="UTF-8"?>
<!-- Generated by org.testng.reporters.JUnitReportReporter -->
<testsuite hostname="DESKTOP-ADJ6DHO" name="contact_us.img_source" tests="1" failures="0" timestamp="27 Mar 2020 10:33:10 GMT" time="1826.347" errors="0">
  <testcase name="f" time="1826.347" classname="contact_us.img_source"/>
</testsuite> <!-- contact_us.img_source -->
